# JRE version: Java(TM) SE Runtime Environment (18.0.1.1+2) (build 18.0.1.1+2-6)
# Java VM: Java HotSpot(TM) 64-Bit Server VM (18.0.1.1+2-6, mixed mode, emulated-client, sharing, tiered, compressed oops, compressed class ptrs, g1 gc, windows-amd64)
GC Precious Log:
 CardTable entry size: 512
 Card Set container configuration: InlinePtr #cards 5 size 8 Array Of Cards #cards 12 size 40 Howl #buckets 4 coarsen threshold 1843 Howl Bitmap #cards 512 size 80 coarsen threshold 460 Card regions per heap region 1 cards per card region 2048
 CPUs: 4 total, 4 available
 Memory: 6020M
 Large Page Support: Disabled
 NUMA Support: Disabled
 Compressed Oops: Enabled (32-bit)
 Heap Region Size: 1M
 Heap Min Capacity: 8M
 Heap Initial Capacity: 96M
 Heap Max Capacity: 1506M
 Pre-touch: Disabled
 Parallel Workers: 4
 Concurrent Workers: 1
 Concurrent Refinement Workers: 4
 Periodic GC: Disabled
Heap:
 garbage-first heap   total 51200K, used 24338K [0x00000000a1e00000, 0x0000000100000000)
  region size 1024K, 3 young (3072K), 3 survivors (3072K)
 Metaspace       used 48190K, committed 48576K, reserved 1114112K
  class space    used 6814K, committed 6976K, reserved 1048576K
GC Heap History (20 events):
Event: 5.076 GC heap after
{Heap after GC invocations=3 (full 0):
 garbage-first heap   total 98304K, used 9467K [0x00000000a1e00000, 0x0000000100000000)
  region size 1024K, 3 young (3072K), 3 survivors (3072K)
 Metaspace       used 11384K, committed 11648K, reserved 1114112K
  class space    used 1506K, committed 1600K, reserved 1048576K
}
Event: 7.549 GC heap before
{Heap before GC invocations=3 (full 0):
 garbage-first heap   total 98304K, used 63739K [0x00000000a1e00000, 0x0000000100000000)
  region size 1024K, 57 young (58368K), 3 survivors (3072K)
 Metaspace       used 19917K, committed 20224K, reserved 1114112K
  class space    used 2610K, committed 2752K, reserved 1048576K
}
Event: 7.561 GC heap after
{Heap after GC invocations=4 (full 0):
 garbage-first heap   total 98304K, used 12598K [0x00000000a1e00000, 0x0000000100000000)
  region size 1024K, 6 young (6144K), 6 survivors (6144K)
 Metaspace       used 19917K, committed 20224K, reserved 1114112K
  class space    used 2610K, committed 2752K, reserved 1048576K
}
Event: 7.975 GC heap before
{Heap before GC invocations=4 (full 0):
 garbage-first heap   total 98304K, used 20790K [0x00000000a1e00000, 0x0000000100000000)
  region size 1024K, 15 young (15360K), 6 survivors (6144K)
 Metaspace       used 21194K, committed 21504K, reserved 1114112K
  class space    used 2800K, committed 2944K, reserved 1048576K
}
Event: 7.986 GC heap after
{Heap after GC invocations=5 (full 0):
 garbage-first heap   total 98304K, used 13241K [0x00000000a1e00000, 0x0000000100000000)
  region size 1024K, 4 young (4096K), 4 survivors (4096K)
 Metaspace       used 21194K, committed 21504K, reserved 1114112K
  class space    used 2800K, committed 2944K, reserved 1048576K
}
Event: 9.347 GC heap before
{Heap before GC invocations=6 (full 0):
 garbage-first heap   total 51200K, used 39865K [0x00000000a1e00000, 0x0000000100000000)
  region size 1024K, 30 young (30720K), 4 survivors (4096K)
 Metaspace       used 25243K, committed 25600K, reserved 1114112K
  class space    used 3405K, committed 3584K, reserved 1048576K
}
Event: 9.358 GC heap after
{Heap after GC invocations=7 (full 0):
 garbage-first heap   total 51200K, used 16234K [0x00000000a1e00000, 0x0000000100000000)
  region size 1024K, 4 young (4096K), 4 survivors (4096K)
 Metaspace       used 25243K, committed 25600K, reserved 1114112K
  class space    used 3405K, committed 3584K, reserved 1048576K
}
Event: 10.237 GC heap before
{Heap before GC invocations=7 (full 0):
 garbage-first heap   total 51200K, used 34666K [0x00000000a1e00000, 0x0000000100000000)
  region size 1024K, 23 young (23552K), 4 survivors (4096K)
 Metaspace       used 28344K, committed 28736K, reserved 1114112K
  class space    used 3793K, committed 4032K, reserved 1048576K
}
Event: 10.247 GC heap after
{Heap after GC invocations=8 (full 0):
 garbage-first heap   total 51200K, used 17446K [0x00000000a1e00000, 0x0000000100000000)
  region size 1024K, 2 young (2048K), 2 survivors (2048K)
 Metaspace       used 28344K, committed 28736K, reserved 1114112K
  class space    used 3793K, committed 4032K, reserved 1048576K
}
Event: 11.469 GC heap before
{Heap before GC invocations=8 (full 0):
 garbage-first heap   total 51200K, used 36902K [0x00000000a1e00000, 0x0000000100000000)
  region size 1024K, 21 young (21504K), 2 survivors (2048K)
 Metaspace       used 34109K, committed 34560K, reserved 1114112K
  class space    used 4725K, committed 4928K, reserved 1048576K
}
Event: 11.473 GC heap after
{Heap after GC invocations=9 (full 0):
 garbage-first heap   total 51200K, used 18287K [0x00000000a1e00000, 0x0000000100000000)
  region size 1024K, 3 young (3072K), 3 survivors (3072K)
 Metaspace       used 34109K, committed 34560K, reserved 1114112K
  class space    used 4725K, committed 4928K, reserved 1048576K
}
Event: 11.691 GC heap before
{Heap before GC invocations=9 (full 0):
 garbage-first heap   total 51200K, used 22383K [0x00000000a1e00000, 0x0000000100000000)
  region size 1024K, 8 young (8192K), 3 survivors (3072K)
 Metaspace       used 35622K, committed 35968K, reserved 1114112K
  class space    used 4952K, committed 5120K, reserved 1048576K
}
Event: 11.695 GC heap after
{Heap after GC invocations=10 (full 0):
 garbage-first heap   total 51200K, used 18697K [0x00000000a1e00000, 0x0000000100000000)
  region size 1024K, 2 young (2048K), 2 survivors (2048K)
 Metaspace       used 35622K, committed 35968K, reserved 1114112K
  class space    used 4952K, committed 5120K, reserved 1048576K
}
Event: 12.658 GC heap before
{Heap before GC invocations=11 (full 0):
 garbage-first heap   total 51200K, used 37129K [0x00000000a1e00000, 0x0000000100000000)
  region size 1024K, 21 young (21504K), 2 survivors (2048K)
 Metaspace       used 40548K, committed 40896K, reserved 1114112K
  class space    used 5694K, committed 5888K, reserved 1048576K
}
Event: 12.663 GC heap after
{Heap after GC invocations=12 (full 0):
 garbage-first heap   total 51200K, used 20058K [0x00000000a1e00000, 0x0000000100000000)
  region size 1024K, 3 young (3072K), 3 survivors (3072K)
 Metaspace       used 40548K, committed 40896K, reserved 1114112K
  class space    used 5694K, committed 5888K, reserved 1048576K
}
Event: 13.739 GC heap before
{Heap before GC invocations=12 (full 0):
 garbage-first heap   total 51200K, used 39514K [0x00000000a1e00000, 0x0000000100000000)
  region size 1024K, 22 young (22528K), 3 survivors (3072K)
 Metaspace       used 44377K, committed 44736K, reserved 1114112K
  class space    used 6239K, committed 6400K, reserved 1048576K
}
Event: 13.747 GC heap after
{Heap after GC invocations=13 (full 0):
 garbage-first heap   total 51200K, used 21378K [0x00000000a1e00000, 0x0000000100000000)
  region size 1024K, 3 young (3072K), 3 survivors (3072K)
 Metaspace       used 44377K, committed 44736K, reserved 1114112K
  class space    used 6239K, committed 6400K, reserved 1048576K
}
Event: 14.253 GC heap before
{Heap before GC invocations=13 (full 0):
 garbage-first heap   total 51200K, used 39810K [0x00000000a1e00000, 0x0000000100000000)
  region size 1024K, 21 young (21504K), 3 survivors (3072K)
 Metaspace       used 46214K, committed 46656K, reserved 1114112K
  class space    used 6535K, committed 6720K, reserved 1048576K
}
Event: 14.261 GC heap after
{Heap after GC invocations=14 (full 0):
 garbage-first heap   total 51200K, used 22693K [0x00000000a1e00000, 0x0000000100000000)
  region size 1024K, 3 young (3072K), 3 survivors (3072K)
 Metaspace       used 46214K, committed 46656K, reserved 1114112K
  class space    used 6535K, committed 6720K, reserved 1048576K
}
Event: 14.899 GC heap before
{Heap before GC invocations=14 (full 0):
 garbage-first heap   total 51200K, used 39077K [0x00000000a1e00000, 0x0000000100000000)
  region size 1024K, 19 young (19456K), 3 survivors (3072K)
 Metaspace       used 48190K, committed 48576K, reserved 1114112K
  class space    used 6814K, committed 6976K, reserved 1048576K
}

